[debug] [2020-10-18T21:55:18.145Z] ----------------------------------------------------------------------
[debug] [2020-10-18T21:55:18.147Z] Command:       C:\Program Files\nodejs\node.exe C:\Users\denis\AppData\Roaming\npm\node_modules\firebase-tools\lib\bin\firebase.js hosting:channel:deploy fire
[debug] [2020-10-18T21:55:18.148Z] CLI Version:   8.12.1
[debug] [2020-10-18T21:55:18.148Z] Platform:      win32
[debug] [2020-10-18T21:55:18.148Z] Node Version:  v12.18.3
[debug] [2020-10-18T21:55:18.149Z] Time:          Mon Oct 19 2020 00:55:18 GMT+0300 (GMT+03:00)
[debug] [2020-10-18T21:55:18.150Z] ----------------------------------------------------------------------
[debug] [2020-10-18T21:55:18.150Z] 
[debug] [2020-10-18T21:55:18.158Z] > command requires scopes: ["email","openid","https://www.googleapis.com/auth/cloudplatformprojects.readonly","https://www.googleapis.com/auth/firebase","https://www.googleapis.com/auth/cloud-platform"]
[debug] [2020-10-18T21:55:18.158Z] > authorizing via signed-in user
[debug] [2020-10-18T21:55:18.159Z] [iam] checking project messenger-clone-d14e5 for permissions ["firebase.projects.get","firebasehosting.sites.update"]
[debug] [2020-10-18T21:55:18.164Z] > refreshing access token with scopes: ["email","https://www.googleapis.com/auth/cloud-platform","https://www.googleapis.com/auth/cloudplatformprojects.readonly","https://www.googleapis.com/auth/firebase","openid"]
[debug] [2020-10-18T21:55:18.165Z] >>> HTTP REQUEST POST https://www.googleapis.com/oauth2/v3/token  
 <request body omitted>
[debug] [2020-10-18T21:55:18.390Z] <<< HTTP RESPONSE 200 {"expires":"Mon, 01 Jan 1990 00:00:00 GMT","date":"Sun, 18 Oct 2020 21:55:53 GMT","pragma":"no-cache","cache-control":"no-cache, no-store, max-age=0, must-revalidate","content-type":"application/json; charset=utf-8","vary":"X-Origin, Referer, Origin,Accept-Encoding","server":"scaffolding on HTTPServer2","x-xss-protection":"0","x-frame-options":"SAMEORIGIN","x-content-type-options":"nosniff","alt-svc":"h3-Q050=\":443\"; ma=2592000,h3-29=\":443\"; ma=2592000,h3-27=\":443\"; ma=2592000,h3-T051=\":443\"; ma=2592000,h3-T050=\":443\"; ma=2592000,h3-Q046=\":443\"; ma=2592000,h3-Q043=\":443\"; ma=2592000,quic=\":443\"; ma=2592000; v=\"46,43\"","accept-ranges":"none","transfer-encoding":"chunked"}
[debug] [2020-10-18T21:55:18.436Z] >>> HTTP REQUEST POST https://cloudresourcemanager.googleapis.com/v1/projects/messenger-clone-d14e5:testIamPermissions  
 {"permissions":["firebase.projects.get","firebasehosting.sites.update"]}
[debug] [2020-10-18T21:55:19.457Z] <<< HTTP RESPONSE 200 {"content-type":"application/json; charset=UTF-8","vary":"X-Origin, Referer, Origin,Accept-Encoding","date":"Sun, 18 Oct 2020 21:55:54 GMT","server":"ESF","cache-control":"private","x-xss-protection":"0","x-frame-options":"SAMEORIGIN","x-content-type-options":"nosniff","server-timing":"gfet4t7; dur=779","alt-svc":"h3-Q050=\":443\"; ma=2592000,h3-29=\":443\"; ma=2592000,h3-27=\":443\"; ma=2592000,h3-T051=\":443\"; ma=2592000,h3-T050=\":443\"; ma=2592000,h3-Q046=\":443\"; ma=2592000,h3-Q043=\":443\"; ma=2592000,quic=\":443\"; ma=2592000; v=\"46,43\"","accept-ranges":"none","transfer-encoding":"chunked"}
[debug] [2020-10-18T21:55:19.461Z] >>> HTTP REQUEST GET https://firebase.googleapis.com/v1beta1/projects/messenger-clone-d14e5  
 
[debug] [2020-10-18T21:55:20.104Z] <<< HTTP RESPONSE 200 {"content-type":"application/json; charset=UTF-8","vary":"X-Origin, Referer, Origin,Accept-Encoding","date":"Sun, 18 Oct 2020 21:55:55 GMT","server":"ESF","cache-control":"private","x-xss-protection":"0","x-frame-options":"SAMEORIGIN","x-content-type-options":"nosniff","alt-svc":"h3-Q050=\":443\"; ma=2592000,h3-29=\":443\"; ma=2592000,h3-27=\":443\"; ma=2592000,h3-T051=\":443\"; ma=2592000,h3-T050=\":443\"; ma=2592000,h3-Q046=\":443\"; ma=2592000,h3-Q043=\":443\"; ma=2592000,quic=\":443\"; ma=2592000; v=\"46,43\"","accept-ranges":"none","transfer-encoding":"chunked"}
[debug] [2020-10-18T21:55:20.107Z] >>> HTTP REQUEST GET https://firebasehosting.googleapis.com/v1beta1/projects/messenger-clone-d14e5/sites/messenger-clone-d14e5/channels/fire  
 
[debug] [2020-10-18T21:55:21.229Z] <<< HTTP RESPONSE 200 {"content-type":"application/json; charset=UTF-8","vary":"X-Origin, Referer, Origin,Accept-Encoding","date":"Sun, 18 Oct 2020 21:55:56 GMT","server":"ESF","cache-control":"private","x-xss-protection":"0","x-frame-options":"SAMEORIGIN","x-content-type-options":"nosniff","alt-svc":"h3-Q050=\":443\"; ma=2592000,h3-29=\":443\"; ma=2592000,h3-27=\":443\"; ma=2592000,h3-T051=\":443\"; ma=2592000,h3-T050=\":443\"; ma=2592000,h3-Q046=\":443\"; ma=2592000,h3-Q043=\":443\"; ma=2592000,quic=\":443\"; ma=2592000; v=\"46,43\"","accept-ranges":"none","transfer-encoding":"chunked"}
[debug] [2020-10-18T21:55:21.230Z] [hosting] found existing channel for site messenger-clone-d14e5 {"name":"projects/414945475006/sites/messenger-clone-d14e5/channels/fire","url":"https://messenger-clone-d14e5--fire-jzd3xikk.web.app","release":{"name":"projects/414945475006/sites/messenger-clone-d14e5/releases/1603032175095694","version":{"name":"projects/414945475006/sites/messenger-clone-d14e5/versions/aae4f11f29611d69","status":"FINALIZED","config":{"rewrites":[{"glob":"**","path":"/index.html"}]},"labels":{"deployment-tool":"cli-firebase"},"createTime":"2020-10-18T14:42:51.754061Z","createUser":{"email":"denis.bosiy@gmail.com"},"finalizeTime":"2020-10-18T14:42:54.644837Z","finalizeUser":{"email":"denis.bosiy@gmail.com"},"fileCount":"22","versionBytes":"538237"},"type":"DEPLOY","releaseTime":"2020-10-18T14:42:55.095694270Z","releaseUser":{"email":"denis.bosiy@gmail.com"}},"createTime":"2020-10-18T14:39:45.067651722Z","updateTime":"2020-10-18T14:42:55.095694270Z","retainedReleaseCount":10,"expireTime":"2020-10-25T14:42:48.084819156Z"}
[debug] [2020-10-18T21:55:21.231Z] >>> HTTP REQUEST PATCH https://firebasehosting.googleapis.com/v1beta1/projects/messenger-clone-d14e5/sites/messenger-clone-d14e5/channels/fire?updateMask=ttl  
 {"ttl":"604800s"}
